C51 COMPILER V9.60.0.0   CONFIG                                                            05/22/2025 23:18:33 PAGE 1   


C51 COMPILER V9.60.0.0, COMPILATION OF MODULE CONFIG
OBJECT MODULE PLACED IN .\Objects\config.obj
COMPILER INVOKED BY: D:\keil c51\C51\BIN\C51.EXE config.c OPTIMIZE(8,SPEED) BROWSE DEBUG OBJECTEXTEND PRINT(.\Listings\c
                    -onfig.lst) TABS(2) OBJECT(.\Objects\config.obj)

line level    source

   1          #include "config.h"
   2          
   3          // 全局变量定义
   4          unsigned char g_duty = MAX_DUTY;    // 当前PWM占空比值
   5          bit g_direction = 0;                // 亮度变化方向
   6          unsigned char g_mode = 0;         // 工作模式：
   7                                           // 0-常亮模式
   8                                           // 1-呼吸灯模式
   9                                           // 2-音乐模式
  10                                           // 3-常亮+音乐模式
  11                                           // 4-呼吸灯+音乐模式
  12          bit g_button_previous = 1;          // 按键前一状态
  13          unsigned char FreqSelect = 0, MusicSelect = 0;
  14          
  15          
  16          
  17          // 系统初始化函数
  18          void initSystem(void)
  19          {
  20   1          // LED引脚初始化 (P3.2)
  21   1          P3M0 |= 0x04;
  22   1          P3M1 &= ~0x04;
  23   1          
  24   1          // 按键引脚初始化 (P5.5)
  25   1          P5M0 &= ~0x20;
  26   1          P5M1 &= ~0x20;
  27   1          
  28   1          // 蜂鸣器引脚初始化 (P3.3)
  29   1          P3M1 &= ~(1<<3);
  30   1          P3M0 |= (1<<3);
  31   1          BUZZER = 0;
  32   1          
  33   1          // 初始化定时器
  34   1          Timer0Init();  // 用于蜂鸣器
  35   1          Timer1Init();  // 用于LED PWM
  36   1          
  37   1          // 开启总中断
  38   1          EA = 1;
  39   1      }
  40          
  41          // Timer0 初始化 (用于蜂鸣器)
  42          void Timer0Init(void)
  43          {
  44   1          TMOD &= 0xF0;
  45   1          TMOD |= 0x01;
  46   1          TL0 = 0x18;
  47   1          TH0 = 0xFC;
  48   1          TF0 = 0;
  49   1          TR0 = 0;        // 初始停止定时器0
  50   1          ET0 = 1;        // 使能定时器0中断
  51   1          PT0 = 0;
  52   1      }
  53          
  54          // Timer1 初始化 (用于LED PWM)
C51 COMPILER V9.60.0.0   CONFIG                                                            05/22/2025 23:18:33 PAGE 2   

  55          void Timer1Init(void)
  56          {
  57   1          AUXR &= 0xBF;
  58   1          TMOD &= 0x0F;
  59   1          TMOD |= 0x00;
  60   1          TL1 = 0xF0;
  61   1          TH1 = 0xFF;
  62   1          TF1 = 0;
  63   1          TR1 = 1;
  64   1          ET1 = 1;
  65   1      }
  66          
  67          // 毫秒延时函数
  68          void Delay_ms(unsigned int ms)
  69          {
  70   1          unsigned int i;
  71   1          unsigned char j;
  72   1          for(i = ms; i > 0; i--)
  73   1              for(j = 110; j > 0; j--);
  74   1      }


MODULE INFORMATION:   STATIC OVERLAYABLE
   CODE SIZE        =    101    ----
   CONSTANT SIZE    =   ----    ----
   XDATA SIZE       =   ----    ----
   PDATA SIZE       =   ----    ----
   DATA SIZE        =      4    ----
   IDATA SIZE       =   ----    ----
   BIT SIZE         =      2    ----
END OF MODULE INFORMATION.


C51 COMPILATION COMPLETE.  0 WARNING(S),  0 ERROR(S)
